<?xml version="1.0" encoding="UTF-8"?>
<!-- Generated by org.testng.reporters.JUnitXMLReporter -->
<testsuite ignored="0" hostname="IN-J3NN6S3" failures="0" tests="3" name="Surefire test" time="45.893" errors="0" timestamp="2024-03-04T00:14:03 IST">
  <testcase classname="com.crm.qa.testcases.LoginPageTest" name="loginPageTitleTest" time="0.029"/>
  <testcase classname="com.crm.qa.testcases.LoginPageTest" name="crmLogoImageTest" time="0.094"/>
  <testcase classname="com.crm.qa.testcases.LoginPageTest" name="loginTest" time="10.578"/>
</testsuite> <!-- Surefire test -->
