<?xml version="1.0" encoding="UTF-8"?>
<testsuite xmlns:xsi="http://www.w3.org/2001/XMLSchema-instance" xsi:noNamespaceSchemaLocation="https://maven.apache.org/surefire/maven-surefire-plugin/xsd/surefire-test-report-3.0.xsd" version="3.0" name="com.amazon.qa.test.RunTest" time="65.685" tests="1" errors="0" skipped="0" failures="0">
  <properties>
[...]
</properties>
  <testcase name="testcase" classname="com.amazon.qa.test.RunTest" time="51.242">
    <system-out><![CDATA[Product name is : 1 (Refurbished) Realme Narzo 50 5G (Hyper Blue, 4GB RAM, 64GB Storage)
Link for product is : https://www.amazon.in/Renewed-Realme-Narzo-50-Storage/dp/B0BDDKLG5K/ref=sr_1_1?dib=eyJ2IjoiMSJ9.FH1ctDYrZDIymuUk-_QyACYmO_oxqIhjx0mVNlYMqM4d-WQ34mVpZVECHrTeW4Ye5skqf-fjKWT6e3bjWVsaEtbc5PQxYp_NqCld4_QC3buIptv_gKzPBUiPYKDA-iU36ov9YFBwGuhWkUrRuijhZr2xDofa2nlakqLcHIUvdGqUya4b7ObJeodk2gKIdboOS2-VgSJVsc0KeZGhrjqwoQ.DknhuJVBpkkJu9YnvA-15hDQa-b10X6nrbR9twxYSBo&dib_tag=se&keywords=iPhone+15&qid=1711537543&refinements=p_n_feature_twenty-nine_browse-bin%3A81332998031&rnid=44349045031&s=electronics&sr=1-1
Price of the product is not displayed

Product name is : 2 (Refurbished) Realme Narzo 30 Pro 5G (Sword Black, 6GB RAM, 64GB Storage)
Link for product is : https://www.amazon.in/Renewed-Realme-Narzo-Sword-Storage/dp/B09F3PGBKB/ref=sr_1_2?dib=eyJ2IjoiMSJ9.FH1ctDYrZDIymuUk-_QyACYmO_oxqIhjx0mVNlYMqM4d-WQ34mVpZVECHrTeW4Ye5skqf-fjKWT6e3bjWVsaEtbc5PQxYp_NqCld4_QC3buIptv_gKzPBUiPYKDA-iU36ov9YFBwGuhWkUrRuijhZr2xDofa2nlakqLcHIUvdGqUya4b7ObJeodk2gKIdboOS2-VgSJVsc0KeZGhrjqwoQ.DknhuJVBpkkJu9YnvA-15hDQa-b10X6nrbR9twxYSBo&dib_tag=se&keywords=iPhone+15&qid=1711537543&refinements=p_n_feature_twenty-nine_browse-bin%3A81332998031&rnid=44349045031&s=electronics&sr=1-2
Price of the product is : 17,499

Product name is : 3 (Refurbished) Realme Narzo 30 Pro 5G (Blade Silver, 6GB RAM, 64GB Storage)
Link for product is : https://www.amazon.in/Renewed-Realme-Narzo-Silver-Storage/dp/B09F3N6B2M/ref=sr_1_3?dib=eyJ2IjoiMSJ9.FH1ctDYrZDIymuUk-_QyACYmO_oxqIhjx0mVNlYMqM4d-WQ34mVpZVECHrTeW4Ye5skqf-fjKWT6e3bjWVsaEtbc5PQxYp_NqCld4_QC3buIptv_gKzPBUiPYKDA-iU36ov9YFBwGuhWkUrRuijhZr2xDofa2nlakqLcHIUvdGqUya4b7ObJeodk2gKIdboOS2-VgSJVsc0KeZGhrjqwoQ.DknhuJVBpkkJu9YnvA-15hDQa-b10X6nrbR9twxYSBo&dib_tag=se&keywords=iPhone+15&qid=1711537543&refinements=p_n_feature_twenty-nine_browse-bin%3A81332998031&rnid=44349045031&s=electronics&sr=1-3
Price of the product is : 13,999

Product name is : 4 vivo Y16 (Drizzling Gold, 3GB RAM, 64GB Storage) with No Cost EMI/Additional Exchange Offers
Link for product is : https://www.amazon.in/Vivo-Drizzling-Storage-Additional-Exchange/dp/B07WGNVP3S/ref=sr_1_4?dib=eyJ2IjoiMSJ9.FH1ctDYrZDIymuUk-_QyACYmO_oxqIhjx0mVNlYMqM4d-WQ34mVpZVECHrTeW4Ye5skqf-fjKWT6e3bjWVsaEtbc5PQxYp_NqCld4_QC3buIptv_gKzPBUiPYKDA-iU36ov9YFBwGuhWkUrRuijhZr2xDofa2nlakqLcHIUvdGqUya4b7ObJeodk2gKIdboOS2-VgSJVsc0KeZGhrjqwoQ.DknhuJVBpkkJu9YnvA-15hDQa-b10X6nrbR9twxYSBo&dib_tag=se&keywords=iPhone+15&qid=1711537543&refinements=p_n_feature_twenty-nine_browse-bin%3A81332998031&rnid=44349045031&s=electronics&sr=1-4
Price of the product is : 13,490

Product name is : 5 (Refurbished) OPPO A55 (Starry Black, 6GB RAM, 128GB Storage) with No Cost EMI/Additional Exchange Offers
Link for product is : https://www.amazon.in/Renewed-Starry-Storage-Additional-Exchange/dp/B09JZW94CC/ref=sr_1_5?dib=eyJ2IjoiMSJ9.FH1ctDYrZDIymuUk-_QyACYmO_oxqIhjx0mVNlYMqM4d-WQ34mVpZVECHrTeW4Ye5skqf-fjKWT6e3bjWVsaEtbc5PQxYp_NqCld4_QC3buIptv_gKzPBUiPYKDA-iU36ov9YFBwGuhWkUrRuijhZr2xDofa2nlakqLcHIUvdGqUya4b7ObJeodk2gKIdboOS2-VgSJVsc0KeZGhrjqwoQ.DknhuJVBpkkJu9YnvA-15hDQa-b10X6nrbR9twxYSBo&dib_tag=se&keywords=iPhone+15&qid=1711537543&refinements=p_n_feature_twenty-nine_browse-bin%3A81332998031&rnid=44349045031&s=electronics&sr=1-5
Price of the product is : 9,999

Product name is : 6 (Refurbished) realme C53 (Champion Gold, 6GB RAM, 64GB Storage)
Link for product is : https://www.amazon.in/Refurbished-realme-Champion-Gold-Storage/dp/B0CHMCPV8R/ref=sr_1_6?dib=eyJ2IjoiMSJ9.FH1ctDYrZDIymuUk-_QyACYmO_oxqIhjx0mVNlYMqM4d-WQ34mVpZVECHrTeW4Ye5skqf-fjKWT6e3bjWVsaEtbc5PQxYp_NqCld4_QC3buIptv_gKzPBUiPYKDA-iU36ov9YFBwGuhWkUrRuijhZr2xDofa2nlakqLcHIUvdGqUya4b7ObJeodk2gKIdboOS2-VgSJVsc0KeZGhrjqwoQ.DknhuJVBpkkJu9YnvA-15hDQa-b10X6nrbR9twxYSBo&dib_tag=se&keywords=iPhone+15&qid=1711537543&refinements=p_n_feature_twenty-nine_browse-bin%3A81332998031&rnid=44349045031&s=electronics&sr=1-6
Price of the product is not displayed

Product name is : 7 (Refurbished) realme C53 (Champion Black, 6GB RAM, 64GB Storage)
Link for product is : https://www.amazon.in/Refurbished-realme-Champion-Black-Storage/dp/B0CHJ8QFFG/ref=sr_1_7?dib=eyJ2IjoiMSJ9.FH1ctDYrZDIymuUk-_QyACYmO_oxqIhjx0mVNlYMqM4d-WQ34mVpZVECHrTeW4Ye5skqf-fjKWT6e3bjWVsaEtbc5PQxYp_NqCld4_QC3buIptv_gKzPBUiPYKDA-iU36ov9YFBwGuhWkUrRuijhZr2xDofa2nlakqLcHIUvdGqUya4b7ObJeodk2gKIdboOS2-VgSJVsc0KeZGhrjqwoQ.DknhuJVBpkkJu9YnvA-15hDQa-b10X6nrbR9twxYSBo&dib_tag=se&keywords=iPhone+15&qid=1711537543&refinements=p_n_feature_twenty-nine_browse-bin%3A81332998031&rnid=44349045031&s=electronics&sr=1-7
Price of the product is not displayed

Product name is : 8 realme C35 (Glowing Green, 4GB RAM, 64GB Storage)
Link for product is : https://www.amazon.in/Realme-C35-Glowing-Green-Storage/dp/B09VKQF42Y/ref=sr_1_8?dib=eyJ2IjoiMSJ9.FH1ctDYrZDIymuUk-_QyACYmO_oxqIhjx0mVNlYMqM4d-WQ34mVpZVECHrTeW4Ye5skqf-fjKWT6e3bjWVsaEtbc5PQxYp_NqCld4_QC3buIptv_gKzPBUiPYKDA-iU36ov9YFBwGuhWkUrRuijhZr2xDofa2nlakqLcHIUvdGqUya4b7ObJeodk2gKIdboOS2-VgSJVsc0KeZGhrjqwoQ.DknhuJVBpkkJu9YnvA-15hDQa-b10X6nrbR9twxYSBo&dib_tag=se&keywords=iPhone+15&qid=1711537543&refinements=p_n_feature_twenty-nine_browse-bin%3A81332998031&rnid=44349045031&s=electronics&sr=1-8
Price of the product is not displayed

Product name is : 9 (Refurbished) realme C55 (Rainy Night 6GB RAM, 64GB Storage)
Link for product is : https://www.amazon.in/Refurbished-realme-Rainy-Night-Storage/dp/B0C9J35PQH/ref=sr_1_9?dib=eyJ2IjoiMSJ9.FH1ctDYrZDIymuUk-_QyACYmO_oxqIhjx0mVNlYMqM4d-WQ34mVpZVECHrTeW4Ye5skqf-fjKWT6e3bjWVsaEtbc5PQxYp_NqCld4_QC3buIptv_gKzPBUiPYKDA-iU36ov9YFBwGuhWkUrRuijhZr2xDofa2nlakqLcHIUvdGqUya4b7ObJeodk2gKIdboOS2-VgSJVsc0KeZGhrjqwoQ.DknhuJVBpkkJu9YnvA-15hDQa-b10X6nrbR9twxYSBo&dib_tag=se&keywords=iPhone+15&qid=1711537543&refinements=p_n_feature_twenty-nine_browse-bin%3A81332998031&rnid=44349045031&s=electronics&sr=1-9
Price of the product is : 8,649

Product name is : 10 IKALL Z17 Smartphone (6.53 HD+ Display, 4GB, 64GB) (1.6 Ghz Octa Core Processor) (Black)
Link for product is : https://www.amazon.in/IKALL-Z17-Smartphone-Display-Processor/dp/B0C6TW2BK8/ref=sr_1_10?dib=eyJ2IjoiMSJ9.FH1ctDYrZDIymuUk-_QyACYmO_oxqIhjx0mVNlYMqM4d-WQ34mVpZVECHrTeW4Ye5skqf-fjKWT6e3bjWVsaEtbc5PQxYp_NqCld4_QC3buIptv_gKzPBUiPYKDA-iU36ov9YFBwGuhWkUrRuijhZr2xDofa2nlakqLcHIUvdGqUya4b7ObJeodk2gKIdboOS2-VgSJVsc0KeZGhrjqwoQ.DknhuJVBpkkJu9YnvA-15hDQa-b10X6nrbR9twxYSBo&dib_tag=se&keywords=iPhone+15&qid=1711537543&refinements=p_n_feature_twenty-nine_browse-bin%3A81332998031&rnid=44349045031&s=electronics&sr=1-10
Price of the product is : 7,990

Product name is : 11 (Refurbished) OPPO A17 (Sunlight Orange, 4GB RAM, 64GB Storage)
Link for product is : https://www.amazon.in/Renewed-Sunlight-Storage-Additional-Exchange/dp/B0BN9VHCFR/ref=sr_1_11?dib=eyJ2IjoiMSJ9.FH1ctDYrZDIymuUk-_QyACYmO_oxqIhjx0mVNlYMqM4d-WQ34mVpZVECHrTeW4Ye5skqf-fjKWT6e3bjWVsaEtbc5PQxYp_NqCld4_QC3buIptv_gKzPBUiPYKDA-iU36ov9YFBwGuhWkUrRuijhZr2xDofa2nlakqLcHIUvdGqUya4b7ObJeodk2gKIdboOS2-VgSJVsc0KeZGhrjqwoQ.DknhuJVBpkkJu9YnvA-15hDQa-b10X6nrbR9twxYSBo&dib_tag=se&keywords=iPhone+15&qid=1711537543&refinements=p_n_feature_twenty-nine_browse-bin%3A81332998031&rnid=44349045031&s=electronics&sr=1-11
Price of the product is : 6,999

Product name is : 12 IKALL Z19 Pro Smartphone (4GB, 64GB) | 6.5" Display | 1.6 Ghz Octa Core (Blue)
Link for product is : https://www.amazon.in/IKALL-Z19-Pro-Smartphone-Multi-Touch/dp/B0C2CWV2PS/ref=sr_1_12?dib=eyJ2IjoiMSJ9.FH1ctDYrZDIymuUk-_QyACYmO_oxqIhjx0mVNlYMqM4d-WQ34mVpZVECHrTeW4Ye5skqf-fjKWT6e3bjWVsaEtbc5PQxYp_NqCld4_QC3buIptv_gKzPBUiPYKDA-iU36ov9YFBwGuhWkUrRuijhZr2xDofa2nlakqLcHIUvdGqUya4b7ObJeodk2gKIdboOS2-VgSJVsc0KeZGhrjqwoQ.DknhuJVBpkkJu9YnvA-15hDQa-b10X6nrbR9twxYSBo&dib_tag=se&keywords=iPhone+15&qid=1711537543&refinements=p_n_feature_twenty-nine_browse-bin%3A81332998031&rnid=44349045031&s=electronics&sr=1-12
Price of the product is : 6,998

Product name is : 13 IKALL Z20 Smartphone (6.5 Inch HD Display, 4GB, 64GB) (Black)
Link for product is : https://www.amazon.in/IKALL-Z20-Smartphone-Display-Black/dp/B0CDQ7DDM5/ref=sr_1_13?dib=eyJ2IjoiMSJ9.FH1ctDYrZDIymuUk-_QyACYmO_oxqIhjx0mVNlYMqM4d-WQ34mVpZVECHrTeW4Ye5skqf-fjKWT6e3bjWVsaEtbc5PQxYp_NqCld4_QC3buIptv_gKzPBUiPYKDA-iU36ov9YFBwGuhWkUrRuijhZr2xDofa2nlakqLcHIUvdGqUya4b7ObJeodk2gKIdboOS2-VgSJVsc0KeZGhrjqwoQ.DknhuJVBpkkJu9YnvA-15hDQa-b10X6nrbR9twxYSBo&dib_tag=se&keywords=iPhone+15&qid=1711537543&refinements=p_n_feature_twenty-nine_browse-bin%3A81332998031&rnid=44349045031&s=electronics&sr=1-13
Price of the product is : 6,915

Product name is : 14 itel P40 (6000mAh Battery with Fast Charging | 2GB RAM + 64GB ROM, Up to 4GB RAM with Memory Fusion | Octa-core Processor | 13MP AI Dual Rear Camera) - Luxurious Gold
Link for product is : https://www.amazon.in/Itel-6000mAh-Charging-Octa-core-Processor/dp/B0BXLPY5WW/ref=sr_1_14?dib=eyJ2IjoiMSJ9.FH1ctDYrZDIymuUk-_QyACYmO_oxqIhjx0mVNlYMqM4d-WQ34mVpZVECHrTeW4Ye5skqf-fjKWT6e3bjWVsaEtbc5PQxYp_NqCld4_QC3buIptv_gKzPBUiPYKDA-iU36ov9YFBwGuhWkUrRuijhZr2xDofa2nlakqLcHIUvdGqUya4b7ObJeodk2gKIdboOS2-VgSJVsc0KeZGhrjqwoQ.DknhuJVBpkkJu9YnvA-15hDQa-b10X6nrbR9twxYSBo&dib_tag=se&keywords=iPhone+15&qid=1711537543&refinements=p_n_feature_twenty-nine_browse-bin%3A81332998031&rnid=44349045031&s=electronics&sr=1-14
Price of the product is : 6,799

]]></system-out>
    <system-err><![CDATA[SLF4J(I): Connected with provider of type [org.slf4j.simple.SimpleServiceProvider]
Mar 27, 2024 4:35:29 PM org.openqa.selenium.devtools.CdpVersionFinder findNearestMatch
WARNING: Unable to find an exact match for CDP version 123, returning the closest version; found: 122; Please update to a Selenium version that supports CDP version 123
]]></system-err>
  </testcase>
</testsuite>