<?xml version="1.0" encoding="UTF-8"?>
<testng-results ignored="0" total="1" passed="1" failed="0" skipped="0">
  <reporter-output>
  </reporter-output>
  <suite started-at="2024-03-27T16:35:24 IST" name="Surefire suite" finished-at="2024-03-27T16:36:27 IST" duration-ms="63418">
    <groups>
    </groups>
    <test started-at="2024-03-27T16:35:24 IST" name="Surefire test" finished-at="2024-03-27T16:36:27 IST" duration-ms="63418">
      <class name="com.amazon.qa.test.RunTest">
        <test-method is-config="true" signature="setup()[pri:0, instance:com.amazon.qa.test.RunTest@7d1cfb8b]" started-at="2024-03-27T16:35:24 IST" name="setup" finished-at="2024-03-27T16:35:35 IST" duration-ms="11534" status="PASS">
          <reporter-output>
          </reporter-output>
        </test-method> <!-- setup -->
        <test-method signature="testcase()[pri:1, instance:com.amazon.qa.test.RunTest@7d1cfb8b]" started-at="2024-03-27T16:35:35 IST" name="testcase" finished-at="2024-03-27T16:36:27 IST" duration-ms="51246" status="PASS">
          <reporter-output>
          </reporter-output>
        </test-method> <!-- testcase -->
        <test-method is-config="true" signature="teardown()[pri:0, instance:com.amazon.qa.test.RunTest@7d1cfb8b]" started-at="2024-03-27T16:36:27 IST" name="teardown" finished-at="2024-03-27T16:36:27 IST" duration-ms="540" status="PASS">
          <reporter-output>
          </reporter-output>
        </test-method> <!-- teardown -->
      </class> <!-- com.amazon.qa.test.RunTest -->
    </test> <!-- Surefire test -->
  </suite> <!-- Surefire suite -->
</testng-results>
