<?xml version="1.0" encoding="UTF-8"?>
<testng-results ignored="0" total="3" passed="3" failed="0" skipped="0">
  <reporter-output>
  </reporter-output>
  <suite started-at="2024-03-04T00:13:17 IST" name="Surefire suite" finished-at="2024-03-04T00:14:03 IST" duration-ms="45893">
    <groups>
    </groups>
    <test started-at="2024-03-04T00:13:17 IST" name="Surefire test" finished-at="2024-03-04T00:14:03 IST" duration-ms="45893">
      <class name="com.crm.qa.testcases.LoginPageTest">
        <test-method is-config="true" signature="setup()[pri:0, instance:com.crm.qa.testcases.LoginPageTest@7ee955a8]" started-at="2024-03-04T00:13:17 IST" name="setup" finished-at="2024-03-04T00:13:32 IST" duration-ms="15004" status="PASS">
          <reporter-output>
          </reporter-output>
        </test-method> <!-- setup -->
        <test-method signature="loginPageTitleTest()[pri:1, instance:com.crm.qa.testcases.LoginPageTest@7ee955a8]" started-at="2024-03-04T00:13:32 IST" name="loginPageTitleTest" finished-at="2024-03-04T00:13:32 IST" duration-ms="29" status="PASS">
          <reporter-output>
          </reporter-output>
        </test-method> <!-- loginPageTitleTest -->
        <test-method is-config="true" signature="tearDown()[pri:0, instance:com.crm.qa.testcases.LoginPageTest@7ee955a8]" started-at="2024-03-04T00:13:32 IST" name="tearDown" finished-at="2024-03-04T00:13:32 IST" duration-ms="333" status="PASS">
          <reporter-output>
          </reporter-output>
        </test-method> <!-- tearDown -->
        <test-method is-config="true" signature="setup()[pri:0, instance:com.crm.qa.testcases.LoginPageTest@7ee955a8]" started-at="2024-03-04T00:13:32 IST" name="setup" finished-at="2024-03-04T00:13:42 IST" duration-ms="9861" status="PASS">
          <reporter-output>
          </reporter-output>
        </test-method> <!-- setup -->
        <test-method signature="crmLogoImageTest()[pri:2, instance:com.crm.qa.testcases.LoginPageTest@7ee955a8]" started-at="2024-03-04T00:13:42 IST" name="crmLogoImageTest" finished-at="2024-03-04T00:13:42 IST" duration-ms="94" status="PASS">
          <reporter-output>
          </reporter-output>
        </test-method> <!-- crmLogoImageTest -->
        <test-method is-config="true" signature="tearDown()[pri:0, instance:com.crm.qa.testcases.LoginPageTest@7ee955a8]" started-at="2024-03-04T00:13:42 IST" name="tearDown" finished-at="2024-03-04T00:13:43 IST" duration-ms="267" status="PASS">
          <reporter-output>
          </reporter-output>
        </test-method> <!-- tearDown -->
        <test-method is-config="true" signature="setup()[pri:0, instance:com.crm.qa.testcases.LoginPageTest@7ee955a8]" started-at="2024-03-04T00:13:43 IST" name="setup" finished-at="2024-03-04T00:13:52 IST" duration-ms="9355" status="PASS">
          <reporter-output>
          </reporter-output>
        </test-method> <!-- setup -->
        <test-method signature="loginTest()[pri:3, instance:com.crm.qa.testcases.LoginPageTest@7ee955a8]" started-at="2024-03-04T00:13:52 IST" name="loginTest" finished-at="2024-03-04T00:14:03 IST" duration-ms="10578" status="PASS">
          <reporter-output>
          </reporter-output>
        </test-method> <!-- loginTest -->
        <test-method is-config="true" signature="tearDown()[pri:0, instance:com.crm.qa.testcases.LoginPageTest@7ee955a8]" started-at="2024-03-04T00:14:03 IST" name="tearDown" finished-at="2024-03-04T00:14:03 IST" duration-ms="267" status="PASS">
          <reporter-output>
          </reporter-output>
        </test-method> <!-- tearDown -->
      </class> <!-- com.crm.qa.testcases.LoginPageTest -->
    </test> <!-- Surefire test -->
  </suite> <!-- Surefire suite -->
</testng-results>
