<?xml version="1.0" encoding="UTF-8"?>
<!-- Generated by org.testng.reporters.JUnitXMLReporter -->
<testsuite ignored="0" hostname="IN-J3NN6S3" failures="0" tests="3" name="Default test" time="46.428" errors="0" timestamp="2024-02-29T21:15:38 IST">
  <testcase classname="com.crm.qa.testcases.LoginPageTest" name="loginPageTitleTest" time="0.051"/>
  <testcase classname="com.crm.qa.testcases.LoginPageTest" name="crmLogoImageTest" time="0.074"/>
  <testcase classname="com.crm.qa.testcases.LoginPageTest" name="loginTest" time="12.497"/>
</testsuite> <!-- Default test -->
