<?xml version="1.0" encoding="UTF-8"?>
<testng-results ignored="0" total="3" passed="3" failed="0" skipped="0">
  <reporter-output>
  </reporter-output>
  <suite started-at="2024-02-29T21:14:52 IST" name="Default suite" finished-at="2024-02-29T21:15:38 IST" duration-ms="46428">
    <groups>
    </groups>
    <test started-at="2024-02-29T21:14:52 IST" name="Default test" finished-at="2024-02-29T21:15:38 IST" duration-ms="46428">
      <class name="com.crm.qa.testcases.LoginPageTest">
        <test-method is-config="true" signature="setup()[pri:0, instance:com.crm.qa.testcases.LoginPageTest@6771beb3]" started-at="2024-02-29T21:14:52 IST" name="setup" finished-at="2024-02-29T21:15:04 IST" duration-ms="12131" status="PASS">
          <reporter-output>
          </reporter-output>
        </test-method> <!-- setup -->
        <test-method signature="loginPageTitleTest()[pri:1, instance:com.crm.qa.testcases.LoginPageTest@6771beb3]" started-at="2024-02-29T21:15:04 IST" name="loginPageTitleTest" finished-at="2024-02-29T21:15:04 IST" duration-ms="51" status="PASS">
          <reporter-output>
          </reporter-output>
        </test-method> <!-- loginPageTitleTest -->
        <test-method is-config="true" signature="tearDown()[pri:0, instance:com.crm.qa.testcases.LoginPageTest@6771beb3]" started-at="2024-02-29T21:15:04 IST" name="tearDown" finished-at="2024-02-29T21:15:04 IST" duration-ms="261" status="PASS">
          <reporter-output>
          </reporter-output>
        </test-method> <!-- tearDown -->
        <test-method is-config="true" signature="setup()[pri:0, instance:com.crm.qa.testcases.LoginPageTest@6771beb3]" started-at="2024-02-29T21:15:04 IST" name="setup" finished-at="2024-02-29T21:15:15 IST" duration-ms="10545" status="PASS">
          <reporter-output>
          </reporter-output>
        </test-method> <!-- setup -->
        <test-method signature="crmLogoImageTest()[pri:2, instance:com.crm.qa.testcases.LoginPageTest@6771beb3]" started-at="2024-02-29T21:15:15 IST" name="crmLogoImageTest" finished-at="2024-02-29T21:15:15 IST" duration-ms="74" status="PASS">
          <reporter-output>
          </reporter-output>
        </test-method> <!-- crmLogoImageTest -->
        <test-method is-config="true" signature="tearDown()[pri:0, instance:com.crm.qa.testcases.LoginPageTest@6771beb3]" started-at="2024-02-29T21:15:15 IST" name="tearDown" finished-at="2024-02-29T21:15:15 IST" duration-ms="217" status="PASS">
          <reporter-output>
          </reporter-output>
        </test-method> <!-- tearDown -->
        <test-method is-config="true" signature="setup()[pri:0, instance:com.crm.qa.testcases.LoginPageTest@6771beb3]" started-at="2024-02-29T21:15:15 IST" name="setup" finished-at="2024-02-29T21:15:26 IST" duration-ms="10331" status="PASS">
          <reporter-output>
          </reporter-output>
        </test-method> <!-- setup -->
        <test-method signature="loginTest()[pri:3, instance:com.crm.qa.testcases.LoginPageTest@6771beb3]" started-at="2024-02-29T21:15:26 IST" name="loginTest" finished-at="2024-02-29T21:15:38 IST" duration-ms="12497" status="PASS">
          <reporter-output>
          </reporter-output>
        </test-method> <!-- loginTest -->
        <test-method is-config="true" signature="tearDown()[pri:0, instance:com.crm.qa.testcases.LoginPageTest@6771beb3]" started-at="2024-02-29T21:15:38 IST" name="tearDown" finished-at="2024-02-29T21:15:38 IST" duration-ms="228" status="PASS">
          <reporter-output>
          </reporter-output>
        </test-method> <!-- tearDown -->
      </class> <!-- com.crm.qa.testcases.LoginPageTest -->
    </test> <!-- Default test -->
  </suite> <!-- Default suite -->
</testng-results>
